[2021-1-12 10:22:05 ├F10: PM┤] [info]: ::1 GET / http://localhost:5000
[2021-1-12 10:22:15 ├F10: PM┤] [info]: ::1 GET /A http://localhost:5000
[2021-1-12 10:25:12 ├F10: PM┤] [info]: ::1 GET /A http://localhost:5000
[2021-1-12 10:25:57 ├F10: PM┤] [info]: ::ffff:127.0.0.1 GET /A http://localhost:5000
[2021-1-12 10:26:08 ├F10: PM┤] [info]: ::1 GET /A http://localhost:5000
[2021-1-12 10:26:30 ├F10: PM┤] [info]: ::1 GET /A http://localhost:5000
[2021-1-12 10:26:30 ├F10: PM┤] [info]: ::1 GET /A http://localhost:5000
[2021-1-12 10:27:41 ├F10: PM┤] [info]: ::1 GET /A http://localhost:5000
[2021-1-12 10:28:16 ├F10: PM┤] [info]: ::1 GET /A http://localhost:5000
[2021-1-12 10:29:18 ├F10: PM┤] [info]: ::1 GET /A http://localhost:5000
[2021-1-12 10:30:17 ├F10: PM┤] [info]: ::1 GET /A http://localhost:5000
[2021-1-12 10:30:42 ├F10: PM┤] [info]: ::1 GET /A?id=12 http://localhost:5000
[2021-1-12 10:33:19 ├F10: PM┤] [info]: ::1 GET /A?id=12 http://localhost:5000
[2021-1-12 10:33:39 ├F10: PM┤] [info]: ::1 GET /A?id=12 http://localhost:5000
[2021-1-12 10:34:14 ├F10: PM┤] [info]: ::1 GET /A?id=12 http://localhost:5000
[2021-1-12 10:36:53 ├F10: PM┤] [info]: ::1 GET /A?id=12 http://localhost:5000
[2021-1-12 10:37:32 ├F10: PM┤] [info]: ::1 GET /A?id=12 http://localhost:5000
[2021-1-12 10:38:59 ├F10: PM┤] [info]: ::1 GET /A?id=12 http://localhost:5000
[2021-1-12 10:39:00 ├F10: PM┤] [info]: ::1 GET /A?id=12 http://localhost:5000
[2021-1-12 10:39:07 ├F10: PM┤] [info]: ::1 GET /A?id=12 http://localhost:5000
[2021-1-12 10:39:42 ├F10: PM┤] [info]: ::1 GET /A?id=12 http://localhost:5000
[2021-1-12 10:40:06 ├F10: PM┤] [info]: ::ffff:127.0.0.1 GET /A?id=12 http://localhost:5000
[2021-1-12 10:40:09 ├F10: PM┤] [info]: ::1 GET /A?id=12 http://localhost:5000
[2021-1-12 10:44:00 ├F10: PM┤] [info]: ::1 GET /A?id=12 http://localhost:5000
[2021-1-12 10:44:07 ├F10: PM┤] [info]: ::1 GET /A?id=12 http://localhost:5000
[2021-1-12 10:44:14 ├F10: PM┤] [info]: ::1 GET /A?id=12 http://localhost:5000
[2021-1-12 10:44:36 ├F10: PM┤] [info]: ::1 GET /A?id=12 http://localhost:5000
[2021-1-12 10:44:44 ├F10: PM┤] [info]: ::1 GET /A?id=12 http://localhost:5000
[2021-1-12 10:45:02 ├F10: PM┤] [info]: ::1 GET /A?id=12 http://localhost:5000
[2021-1-12 10:45:03 ├F10: PM┤] [info]: ::1 GET /A?id=12 http://localhost:5000
[2021-1-12 10:45:03 ├F10: PM┤] [info]: ::1 GET /A?id=12 http://localhost:5000
[2021-1-12 10:45:30 ├F10: PM┤] [info]: ::1 GET /A?id=12 http://localhost:5000
[2021-1-12 10:45:32 ├F10: PM┤] [info]: ::1 GET /A?id=12 http://localhost:5000
[2021-1-12 10:45:42 ├F10: PM┤] [info]: ::1 GET /A?id=12 http://localhost:5000
[2021-1-12 10:45:43 ├F10: PM┤] [info]: ::1 GET /A?id=12 http://localhost:5000
[2021-1-12 10:46:09 ├F10: PM┤] [info]: ::1 GET /A?id=12 http://localhost:5000
[2021-1-12 10:46:11 ├F10: PM┤] [info]: ::ffff:127.0.0.1 GET /A?id=12 http://localhost:5000
[2021-1-12 10:46:12 ├F10: PM┤] [info]: ::ffff:127.0.0.1 GET /A?id=12 http://localhost:5000
[2021-1-12 10:46:12 ├F10: PM┤] [info]: ::ffff:127.0.0.1 GET /A?id=12 http://localhost:5000
[2021-1-12 10:46:35 ├F10: PM┤] [info]: ::ffff:127.0.0.1 GET /A?id=12 http://localhost:5000
[2021-1-12 10:46:37 ├F10: PM┤] [info]: ::1 GET /A?id=12 http://localhost:5000
[2021-1-12 10:47:15 ├F10: PM┤] [info]: ::ffff:127.0.0.1 GET /A?id=12 http://localhost:5000
[2021-1-12 10:47:25 ├F10: PM┤] [info]: ::1 GET /A?id=12 http://localhost:5000
[2021-1-12 10:47:25 ├F10: PM┤] [info]: ::1 GET /A?id=12 http://localhost:5000
[2021-1-12 10:47:26 ├F10: PM┤] [info]: ::1 GET /A?id=12 http://localhost:5000
[2021-1-12 10:47:44 ├F10: PM┤] [info]: ::1 GET /A?id=12 http://localhost:5000
[2021-1-12 10:47:44 ├F10: PM┤] [info]: ::1 GET /A?id=12 http://localhost:5000
[2021-1-12 10:47:44 ├F10: PM┤] [info]: ::1 GET /A?id=12 http://localhost:5000
[2021-1-12 10:47:45 ├F10: PM┤] [info]: ::1 GET /A?id=12 http://localhost:5000
[2021-1-12 10:47:53 ├F10: PM┤] [info]: ::ffff:127.0.0.1 GET /A?id=12 http://localhost:5000
[2021-1-12 10:47:55 ├F10: PM┤] [info]: ::1 GET /A?id=12 http://localhost:5000
[2021-1-12 10:47:55 ├F10: PM┤] [info]: ::1 GET /A?id=12 http://localhost:5000
[2021-1-12 10:48:05 ├F10: PM┤] [info]: ::1 GET /A?id=12 http://localhost:5000
[2021-1-12 10:48:06 ├F10: PM┤] [info]: ::1 GET /A?id=12 http://localhost:5000
[2021-1-12 10:48:06 ├F10: PM┤] [info]: ::1 GET /A?id=12 http://localhost:5000
[2021-1-12 10:48:06 ├F10: PM┤] [info]: ::1 GET /A?id=12 http://localhost:5000
[2021-1-12 10:48:08 ├F10: PM┤] [info]: ::1 GET /A?id=12 http://localhost:5000
[2021-1-12 10:48:09 ├F10: PM┤] [info]: ::1 GET /A?id=12 http://localhost:5000
[2021-1-12 10:48:10 ├F10: PM┤] [info]: ::1 GET /A?id=12 http://localhost:5000
[2021-1-12 10:48:26 ├F10: PM┤] [info]: ::1 GET /A?id=12 http://localhost:5000
[2021-1-12 10:48:27 ├F10: PM┤] [info]: ::1 GET /A?id=12 http://localhost:5000
[2021-1-12 10:49:06 ├F10: PM┤] [info]: ::1 GET /A?id=12 http://localhost:5000
[2021-1-12 10:49:06 ├F10: PM┤] [info]: ::1 GET /A?id=12 http://localhost:5000
[2021-1-12 10:49:12 ├F10: PM┤] [info]: ::1 GET /A?id=12 http://localhost:5000
[2021-1-12 10:49:47 ├F10: PM┤] [info]: ::1 GET /A?id=12 http://localhost:5000
[2021-1-12 10:49:47 ├F10: PM┤] [info]: ::1 GET /A?id=12 http://localhost:5000
[2021-1-12 10:49:48 ├F10: PM┤] [info]: ::1 GET /A?id=12 http://localhost:5000
[2021-1-12 10:49:50 ├F10: PM┤] [info]: ::ffff:127.0.0.1 GET /A?id=12 http://localhost:5000
[2021-1-12 10:50:07 ├F10: PM┤] [info]: ::1 GET /A?id=12 http://localhost:5000
[2021-1-12 10:50:07 ├F10: PM┤] [info]: ::1 GET /A?id=12 http://localhost:5000
[2021-1-12 10:50:14 ├F10: PM┤] [info]: ::1 GET /A?id=12 http://localhost:5000
[2021-1-12 10:50:14 ├F10: PM┤] [info]: ::1 GET /A?id=12 http://localhost:5000
[2021-1-12 10:50:20 ├F10: PM┤] [info]: ::1 GET /A?id=12 http://localhost:5000
[2021-1-12 10:50:23 ├F10: PM┤] [info]: ::ffff:127.0.0.1 GET /A?id=12 http://localhost:5000
[2021-1-12 10:50:24 ├F10: PM┤] [info]: ::ffff:127.0.0.1 GET /A?id=12 http://localhost:5000
[2021-1-12 10:50:24 ├F10: PM┤] [info]: ::ffff:127.0.0.1 GET /A?id=12 http://localhost:5000
[2021-1-12 10:50:24 ├F10: PM┤] [info]: ::ffff:127.0.0.1 GET /A?id=12 http://localhost:5000
[2021-1-12 10:50:24 ├F10: PM┤] [info]: ::ffff:127.0.0.1 GET /A?id=12 http://localhost:5000
[2021-1-12 10:50:25 ├F10: PM┤] [info]: ::ffff:127.0.0.1 GET /A?id=12 http://localhost:5000
[2021-1-12 10:50:25 ├F10: PM┤] [info]: ::ffff:127.0.0.1 GET /A?id=12 http://localhost:5000
[2021-1-12 10:50:25 ├F10: PM┤] [info]: ::ffff:127.0.0.1 GET /A?id=12 http://localhost:5000
[2021-1-12 10:50:25 ├F10: PM┤] [info]: ::ffff:127.0.0.1 GET /A?id=12 http://localhost:5000
[2021-1-12 10:50:29 ├F10: PM┤] [info]: ::ffff:127.0.0.1 GET /A?id=12 http://localhost:5000
[2021-1-12 10:50:29 ├F10: PM┤] [info]: ::ffff:127.0.0.1 GET /A?id=12 http://localhost:5000
[2021-1-12 10:50:29 ├F10: PM┤] [info]: ::ffff:127.0.0.1 GET /A?id=12 http://localhost:5000
[2021-1-12 10:50:42 ├F10: PM┤] [info]: ::ffff:127.0.0.1 GET /A?id=12 http://localhost:5000
[2021-1-12 10:50:49 ├F10: PM┤] [info]: ::1 GET /A?id=12 http://localhost:5000
[2021-1-12 10:53:03 ├F10: PM┤] [info]: ::1 GET /A?id=12 http://localhost:5000
[2021-1-12 10:53:56 ├F10: PM┤] [info]: ::1 GET /A?id=12 http://localhost:5000
[2021-1-12 10:54:14 ├F10: PM┤] [info]: ::1 GET /A?id=12 http://localhost:5000
[2021-1-12 10:54:32 ├F10: PM┤] [info]: ::1 GET /A?id=12 http://localhost:5000
[2021-1-12 10:54:34 ├F10: PM┤] [info]: ::1 GET /A?id=12 http://localhost:5000
[2021-1-12 10:56:36 ├F10: PM┤] [info]: ::1 GET /A?id=12 http://localhost:5000
[2021-1-12 10:57:25 ├F10: PM┤] [info]: ::1 GET /A?id=12 http://localhost:5000
[2021-1-12 10:57:33 ├F10: PM┤] [info]: ::1 GET /A?id=12 http://localhost:5000
[2021-1-12 10:57:46 ├F10: PM┤] [info]: ::1 GET /A?id=12 http://localhost:5000
[2021-1-12 10:57:51 ├F10: PM┤] [info]: ::1 GET /A?id=12 http://localhost:5000
[2021-1-12 10:57:52 ├F10: PM┤] [info]: ::1 GET /A?id=12 http://localhost:5000
[2021-1-12 10:58:11 ├F10: PM┤] [info]: ::ffff:127.0.0.1 GET /A?id=12 http://localhost:5000
[2021-1-12 10:58:31 ├F10: PM┤] [info]: ::ffff:127.0.0.1 GET /A?id=12 http://localhost:5000
[2021-1-12 10:58:32 ├F10: PM┤] [info]: ::ffff:127.0.0.1 GET /A?id=12 http://localhost:5000
[2021-1-12 10:58:38 ├F10: PM┤] [info]: ::1 GET /A?id=12 http://localhost:5000
[2021-1-12 10:59:01 ├F10: PM┤] [info]: ::1 GET /A?id=12 http://localhost:5000
[2021-1-12 10:59:04 ├F10: PM┤] [info]: ::1 GET /A?id=12 http://localhost:5000
[2021-1-12 11:00:51 ├F10: PM┤] [info]: ::ffff:127.0.0.1 GET /A?id=12 http://localhost:5000
[2021-1-12 11:00:52 ├F10: PM┤] [info]: ::ffff:127.0.0.1 GET /A?id=12 http://localhost:5000
[2021-1-12 11:02:09 ├F10: PM┤] [info]: ::1 GET /A?id=12 http://localhost:5000
[2021-1-12 11:26:38 ├F10: PM┤] [info]: ::1 GET /A?id=12 http://localhost:5000
[2021-1-12 11:26:38 ├F10: PM┤] [info]: ::1 GET /A?id=12 http://localhost:5000
[2021-1-12 11:26:41 ├F10: PM┤] [info]: ::1 GET /A?id=179878 http://localhost:5000
[2021-1-12 11:32:19 ├F10: PM┤] [info]: ::1 GET /A?id=179878 http://localhost:5000
[2021-1-12 11:32:20 ├F10: PM┤] [info]: ::1 GET /A?id=179878 http://localhost:5000
[2021-1-12 11:32:20 ├F10: PM┤] [info]: ::1 GET /A?id=179878 http://localhost:5000
[2021-1-12 11:43:56 ├F10: PM┤] [info]: ::1 GET /A?id=179878 http://localhost:5000
[2021-1-12 11:44:01 ├F10: PM┤] [info]: ::1 GET /A?id=179878 http://localhost:5000
[2021-1-13 9:49:01 ├F10: AM┤] [info]: ::1 GET /A?id=12 http://localhost:5000
[2021-1-13 9:49:03 ├F10: AM┤] [info]: ::1 GET /A?id=12 http://localhost:5000
[2021-1-13 9:56:24 ├F10: AM┤] [info]: ::1 GET /A/save?id=12 http://localhost:5000
[2021-1-13 9:56:26 ├F10: AM┤] [info]: ::1 GET /A/save?id=12 http://localhost:5000
[2021-1-13 9:56:37 ├F10: AM┤] [info]: ::1 GET /A/save?id=12 http://localhost:5000
[2021-1-13 9:56:38 ├F10: AM┤] [info]: ::1 GET /A/save?id=12 http://localhost:5000
[2021-1-13 9:56:39 ├F10: AM┤] [info]: ::1 GET /A/save?id=12 http://localhost:5000
[2021-1-13 9:56:43 ├F10: AM┤] [info]: ::ffff:127.0.0.1 GET /A/save?id=12 http://localhost:5000
[2021-1-13 9:56:46 ├F10: AM┤] [info]: ::ffff:127.0.0.1 GET /A/save?id=12 http://localhost:5000
[2021-1-13 3:14:34 ├F10: PM┤] [info]: ::1 GET /A/save?id=12 http://localhost:5000
[2021-1-15 4:42:30 ├F10: PM┤] [info]: ::1 GET / http://localhost:5000
[2021-1-15 4:42:38 ├F10: PM┤] [info]: ::1 GET /A http://localhost:5000
[2021-1-15 4:42:54 ├F10: PM┤] [info]: ::1 GET /A/save http://localhost:5000
[2021-1-15 4:43:25 ├F10: PM┤] [info]: ::1 GET /A/save http://localhost:5000
[2021-1-15 4:43:26 ├F10: PM┤] [info]: ::1 GET /A/save http://localhost:5000
[2021-1-15 4:43:26 ├F10: PM┤] [info]: ::1 GET /A/save http://localhost:5000
[2021-1-15 4:44:13 ├F10: PM┤] [info]: ::1 GET /A/save http://localhost:5000
[2021-1-15 4:44:16 ├F10: PM┤] [info]: ::1 GET /A/save http://localhost:5000
[2021-1-15 4:44:25 ├F10: PM┤] [info]: ::ffff:127.0.0.1 GET /A/save http://localhost:5000
[2021-1-15 4:44:42 ├F10: PM┤] [info]: ::ffff:127.0.0.1 GET /A/save http://localhost:5000
[2021-1-15 4:44:44 ├F10: PM┤] [info]: ::1 GET /A/save http://localhost:5000
[2021-1-15 4:44:50 ├F10: PM┤] [info]: ::ffff:127.0.0.1 GET /A/save/12 http://localhost:5000
[2021-1-15 4:47:50 ├F10: PM┤] [info]: ::1 GET /A/save/12 http://localhost:5000
[2021-1-15 4:48:29 ├F10: PM┤] [info]: ::ffff:127.0.0.1 GET /A/save/12 http://localhost:5000
[2021-1-15 4:49:00 ├F10: PM┤] [info]: ::ffff:127.0.0.1 GET /A/save/12 http://localhost:5000
[2021-1-15 4:49:00 ├F10: PM┤] [info]: ::ffff:127.0.0.1 GET /A/save/12 http://localhost:5000
[2021-1-15 4:50:10 ├F10: PM┤] [info]: ::1 GET /A/save/12 http://localhost:5000
[2021-1-15 4:50:20 ├F10: PM┤] [info]: ::1 GET /A/save/12 http://localhost:5000
[2021-1-15 4:50:21 ├F10: PM┤] [info]: ::1 GET /A/save/12 http://localhost:5000
[2021-1-15 4:50:23 ├F10: PM┤] [info]: ::ffff:127.0.0.1 GET /A/save/12 http://localhost:5000
[2021-1-15 4:50:32 ├F10: PM┤] [info]: ::ffff:127.0.0.1 GET /A/save/12 http://localhost:5000
[2021-1-15 4:50:32 ├F10: PM┤] [info]: ::ffff:127.0.0.1 GET /A/save/12 http://localhost:5000
[2021-1-15 4:50:32 ├F10: PM┤] [info]: ::ffff:127.0.0.1 GET /A/save/12 http://localhost:5000
[2021-1-15 4:51:38 ├F10: PM┤] [info]: ::1 GET /A/save/12 http://localhost:5000
[2021-1-15 4:51:53 ├F10: PM┤] [info]: ::1 GET /A/save/12 http://localhost:5000
[2021-1-15 4:52:03 ├F10: PM┤] [info]: ::1 GET /A/save/12 http://localhost:5000
[2021-1-15 4:52:20 ├F10: PM┤] [info]: ::1 GET /A/save/12 http://localhost:5000
[2021-1-15 4:52:47 ├F10: PM┤] [info]: ::1 GET /A/save/12 http://localhost:5000
[2021-1-15 4:52:50 ├F10: PM┤] [info]: ::1 GET /A/save/12 http://localhost:5000
[2021-1-15 4:54:33 ├F10: PM┤] [info]: ::1 GET /A/save/12 http://localhost:5000
[2021-1-15 4:55:46 ├F10: PM┤] [info]: ::1 GET /A/save/12 http://localhost:5000
[2021-1-15 4:56:14 ├F10: PM┤] [info]: ::1 GET /A/save/12 http://localhost:5000
[2021-1-15 4:56:15 ├F10: PM┤] [info]: ::1 GET /A/save/12 http://localhost:5000
[2021-1-15 4:56:15 ├F10: PM┤] [info]: ::1 GET /A/save/12 http://localhost:5000
[2021-1-15 4:56:44 ├F10: PM┤] [info]: ::1 GET /A/save/12 http://localhost:5000
[2021-1-15 4:56:46 ├F10: PM┤] [info]: ::1 GET /A/save/12 http://localhost:5000
[2021-1-15 4:57:27 ├F10: PM┤] [info]: ::1 GET /A/save/12 http://localhost:5000
[2021-1-15 4:57:30 ├F10: PM┤] [info]: ::1 GET /A/save/12 http://localhost:5000
[2021-1-15 4:57:36 ├F10: PM┤] [info]: ::ffff:127.0.0.1 GET /A/save/12 http://localhost:5000
[2021-1-15 4:57:37 ├F10: PM┤] [info]: ::ffff:127.0.0.1 GET /A/save/12 http://localhost:5000
[2021-1-15 4:57:37 ├F10: PM┤] [info]: ::ffff:127.0.0.1 GET /A/save/12 http://localhost:5000
[2021-1-15 4:57:38 ├F10: PM┤] [info]: ::ffff:127.0.0.1 GET /A/save/12 http://localhost:5000
[2021-1-15 4:57:38 ├F10: PM┤] [info]: ::ffff:127.0.0.1 GET /A/save/12 http://localhost:5000
[2021-1-15 4:57:38 ├F10: PM┤] [info]: ::ffff:127.0.0.1 GET /A/save/12 http://localhost:5000
[2021-1-15 4:57:38 ├F10: PM┤] [info]: ::ffff:127.0.0.1 GET /A/save/12 http://localhost:5000
[2021-1-15 4:57:38 ├F10: PM┤] [info]: ::ffff:127.0.0.1 GET /A/save/12 http://localhost:5000
[2021-1-15 4:57:39 ├F10: PM┤] [info]: ::ffff:127.0.0.1 GET /A/save/12 http://localhost:5000
[2021-1-15 4:57:39 ├F10: PM┤] [info]: ::ffff:127.0.0.1 GET /A/save/12 http://localhost:5000
[2021-1-15 4:57:58 ├F10: PM┤] [info]: ::1 GET /A/save/12 http://localhost:5000
[2021-1-15 4:57:59 ├F10: PM┤] [info]: ::1 GET /A/save/12 http://localhost:5000
[2021-1-15 4:57:59 ├F10: PM┤] [info]: ::1 GET /A/save/12 http://localhost:5000
[2021-1-15 4:58:00 ├F10: PM┤] [info]: ::1 GET /A/save/12 http://localhost:5000
[2021-1-15 4:58:00 ├F10: PM┤] [info]: ::1 GET /A/save/12 http://localhost:5000
[2021-1-15 4:58:00 ├F10: PM┤] [info]: ::1 GET /A/save/12 http://localhost:5000
[2021-1-15 4:58:05 ├F10: PM┤] [info]: ::1 GET /A/save/12 http://localhost:5000
[2021-1-15 4:58:06 ├F10: PM┤] [info]: ::1 GET /A/save/12 http://localhost:5000
[2021-1-15 4:58:40 ├F10: PM┤] [info]: ::1 GET /A/save/12 http://localhost:5000
[2021-1-15 4:59:03 ├F10: PM┤] [info]: ::1 GET /A/save/12 http://localhost:5000
[2021-1-15 4:59:39 ├F10: PM┤] [info]: ::1 GET /A/save/12 http://localhost:5000
[2021-1-15 4:59:42 ├F10: PM┤] [info]: ::1 GET /A/save/12 http://localhost:5000
[2021-1-15 5:02:22 ├F10: PM┤] [info]: ::1 GET /A/save/12 http://localhost:5000
[2021-1-15 5:02:29 ├F10: PM┤] [info]: ::1 GET /A/save/12 http://localhost:5000
[2021-1-15 5:02:30 ├F10: PM┤] [info]: ::1 GET /A/save/12 http://localhost:5000
[2021-1-15 5:02:33 ├F10: PM┤] [info]: ::1 GET /A/save/12 http://localhost:5000
[2021-1-15 5:02:35 ├F10: PM┤] [info]: ::1 GET /A/save/12 http://localhost:5000
[2021-1-15 5:02:44 ├F10: PM┤] [info]: ::1 GET /A/save/12 http://localhost:5000
[2021-1-15 5:03:58 ├F10: PM┤] [info]: ::1 GET /A/save/12 http://localhost:5000
[2021-1-15 5:03:59 ├F10: PM┤] [info]: ::1 GET /A/save/12 http://localhost:5000
[2021-1-15 5:04:22 ├F10: PM┤] [info]: ::1 GET /A/save/12 http://localhost:5000
[2021-1-15 5:04:29 ├F10: PM┤] [info]: ::1 GET /A/save/12 http://localhost:5000
[2021-1-15 5:05:54 ├F10: PM┤] [info]: ::1 GET /A/save/12 http://localhost:5000
[2021-1-15 5:05:55 ├F10: PM┤] [info]: ::1 GET /A/save/12 http://localhost:5000
[2021-1-15 5:06:11 ├F10: PM┤] [info]: ::1 GET /A/save/12 http://localhost:5000
[2021-1-15 5:06:12 ├F10: PM┤] [info]: ::1 GET /A/save/12 http://localhost:5000
[2021-1-15 5:06:12 ├F10: PM┤] [info]: ::1 GET /A/save/12 http://localhost:5000
[2021-1-15 5:06:12 ├F10: PM┤] [info]: ::1 GET /A/save/12 http://localhost:5000
[2021-1-15 5:20:40 ├F10: PM┤] [info]: ::1 GET /A/save/12 http://localhost:5000
[2021-1-15 5:21:39 ├F10: PM┤] [info]: ::1 GET /A/save/12 http://localhost:5000
[2021-1-15 5:21:44 ├F10: PM┤] [info]: ::1 GET /A/save/12 http://localhost:5000
[2021-1-15 5:22:01 ├F10: PM┤] [info]: ::1 GET /A/save/12 http://localhost:5000
[2021-1-15 5:22:11 ├F10: PM┤] [info]: ::1 GET /A/save/12 http://localhost:5000
[2021-1-15 5:22:54 ├F10: PM┤] [info]: ::1 GET /A/save/12 http://localhost:5000
[2021-1-15 5:24:47 ├F10: PM┤] [info]: ::1 GET /A/save/12 http://localhost:5000
[2021-1-15 5:24:53 ├F10: PM┤] [info]: ::1 GET /A/save/12 http://localhost:5000
[2021-1-15 5:25:21 ├F10: PM┤] [info]: ::1 GET /A/save/12 http://localhost:5000
[2021-1-15 5:25:25 ├F10: PM┤] [info]: ::1 GET /A/save/12 http://localhost:5000
[2021-1-15 5:25:31 ├F10: PM┤] [info]: ::1 GET /A/save/12 http://localhost:5000
[2021-1-15 5:25:45 ├F10: PM┤] [info]: ::1 GET /A/save/12 http://localhost:5000
[2021-1-15 5:25:46 ├F10: PM┤] [info]: ::1 GET /A/save/12 http://localhost:5000
[2021-1-15 5:26:58 ├F10: PM┤] [info]: ::1 GET /A/save/12 http://localhost:5000
[2021-1-15 5:27:20 ├F10: PM┤] [info]: ::1 GET /A/save/12 http://localhost:5000
[2021-1-15 5:27:56 ├F10: PM┤] [info]: ::1 GET /A/save/12 http://localhost:5000
[2021-1-15 5:27:58 ├F10: PM┤] [info]: ::1 GET /A/save/12 http://localhost:5000
[2021-1-15 5:30:16 ├F10: PM┤] [info]: ::1 GET /A/save/12 http://localhost:5000
[2021-1-15 5:30:20 ├F10: PM┤] [info]: ::1 GET /A/save/12 http://localhost:5000
[2021-1-15 5:30:58 ├F10: PM┤] [info]: ::1 GET /A/save/12 http://localhost:5000
[2021-1-15 5:30:59 ├F10: PM┤] [info]: ::1 GET /A/save/12 http://localhost:5000
[2021-1-15 5:31:02 ├F10: PM┤] [info]: ::1 GET /A/save/12 http://localhost:5000
[2021-1-15 5:31:03 ├F10: PM┤] [info]: ::1 GET /A/save/12 http://localhost:5000
[2021-1-15 5:31:24 ├F10: PM┤] [info]: ::ffff:127.0.0.1 GET /A/save/12 http://localhost:5000
[2021-1-15 5:31:41 ├F10: PM┤] [info]: ::1 GET /A/save/12 http://localhost:5000
[2021-1-15 5:32:31 ├F10: PM┤] [info]: ::1 GET /A/save/12 http://localhost:5000
[2021-1-15 5:32:32 ├F10: PM┤] [info]: ::1 GET /A/save/12 http://localhost:5000
[2021-1-15 5:32:32 ├F10: PM┤] [info]: ::1 GET /A/save/12 http://localhost:5000
[2021-1-15 5:32:34 ├F10: PM┤] [info]: ::1 GET /A/save/12 http://localhost:5000
[2021-1-15 5:32:35 ├F10: PM┤] [info]: ::1 GET /A/save/12 http://localhost:5000
[2021-1-15 5:32:35 ├F10: PM┤] [info]: ::1 GET /A/save/12 http://localhost:5000
[2021-1-15 5:33:06 ├F10: PM┤] [info]: ::1 GET /A/save/12 http://localhost:5000
[2021-1-15 5:33:07 ├F10: PM┤] [info]: ::1 GET /A/save/12 http://localhost:5000
[2021-1-15 5:33:09 ├F10: PM┤] [info]: ::ffff:127.0.0.1 GET /A/save/12 http://localhost:5000
[2021-1-15 5:33:13 ├F10: PM┤] [info]: ::ffff:127.0.0.1 GET /A/save/12 http://localhost:5000
[2021-1-15 5:33:24 ├F10: PM┤] [info]: ::ffff:127.0.0.1 GET /A/save/12 http://localhost:5000
[2021-1-15 5:33:25 ├F10: PM┤] [info]: ::ffff:127.0.0.1 GET /A/save/12 http://localhost:5000
[2021-1-15 5:34:49 ├F10: PM┤] [info]: ::1 GET /A/save/12 http://localhost:5000
[2021-1-15 5:34:50 ├F10: PM┤] [info]: ::1 GET /A/save/12 http://localhost:5000
[2021-1-15 5:36:02 ├F10: PM┤] [info]: ::1 GET /A/save/12 http://localhost:5000
[2021-1-15 5:36:03 ├F10: PM┤] [info]: ::1 GET /A/save/12 http://localhost:5000
[2021-1-15 5:36:03 ├F10: PM┤] [info]: ::1 GET /A/save/12 http://localhost:5000
[2021-1-15 5:36:03 ├F10: PM┤] [info]: ::1 GET /A/save/12 http://localhost:5000
[2021-1-15 5:36:04 ├F10: PM┤] [info]: ::1 GET /A/save/12 http://localhost:5000
[2021-1-15 5:36:04 ├F10: PM┤] [info]: ::1 GET /A/save/12 http://localhost:5000
[2021-1-15 5:36:04 ├F10: PM┤] [info]: ::1 GET /A/save/12 http://localhost:5000
[2021-1-15 5:36:05 ├F10: PM┤] [info]: ::1 GET /A/save/12 http://localhost:5000
[2021-1-15 5:36:05 ├F10: PM┤] [info]: ::1 GET /A/save/12 http://localhost:5000
[2021-1-15 5:36:05 ├F10: PM┤] [info]: ::1 GET /A/save/12 http://localhost:5000
[2021-1-15 5:36:05 ├F10: PM┤] [info]: ::1 GET /A/save/12 http://localhost:5000
[2021-1-15 5:36:05 ├F10: PM┤] [info]: ::1 GET /A/save/12 http://localhost:5000
[2021-1-15 5:36:06 ├F10: PM┤] [info]: ::1 GET /A/save/12 http://localhost:5000
[2021-1-15 5:36:06 ├F10: PM┤] [info]: ::1 GET /A/save/12 http://localhost:5000
[2021-1-15 5:36:06 ├F10: PM┤] [info]: ::1 GET /A/save/12 http://localhost:5000
[2021-1-15 5:36:22 ├F10: PM┤] [info]: ::1 GET /A/save/12 http://localhost:5000
[2021-1-15 5:36:23 ├F10: PM┤] [info]: ::1 GET /A/save/12 http://localhost:5000
[2021-1-15 5:36:24 ├F10: PM┤] [info]: ::1 GET /A/save/12 http://localhost:5000
[2021-1-15 5:36:29 ├F10: PM┤] [info]: ::1 GET /A/save/12 http://localhost:5000
[2021-1-15 5:36:30 ├F10: PM┤] [info]: ::1 GET /A/save/12 http://localhost:5000
[2021-1-15 5:36:30 ├F10: PM┤] [info]: ::1 GET /A/save/12 http://localhost:5000
[2021-1-15 5:36:30 ├F10: PM┤] [info]: ::1 GET /A/save/12 http://localhost:5000
[2021-1-15 5:36:31 ├F10: PM┤] [info]: ::1 GET /A/save/12 http://localhost:5000
[2021-1-15 5:37:23 ├F10: PM┤] [info]: ::1 GET /A/save/12 http://localhost:5000
[2021-1-15 5:37:25 ├F10: PM┤] [info]: ::ffff:127.0.0.1 GET /A/save/12 http://localhost:5000
[2021-1-15 5:37:27 ├F10: PM┤] [info]: ::ffff:127.0.0.1 GET /A/save/12 http://localhost:5000
[2021-1-15 5:37:29 ├F10: PM┤] [info]: ::ffff:127.0.0.1 GET /A/save/12 http://localhost:5000
[2021-1-15 5:37:30 ├F10: PM┤] [info]: ::ffff:127.0.0.1 GET /A/save/12 http://localhost:5000
[2021-1-15 5:37:30 ├F10: PM┤] [info]: ::ffff:127.0.0.1 GET /A/save/12 http://localhost:5000
[2021-1-15 5:37:41 ├F10: PM┤] [info]: ::ffff:127.0.0.1 GET /A/save/12 http://localhost:5000
[2021-1-15 5:37:42 ├F10: PM┤] [info]: ::ffff:127.0.0.1 GET /A/save/12 http://localhost:5000
[2021-1-15 5:37:44 ├F10: PM┤] [info]: ::1 GET /A/save/12 http://localhost:5000
[2021-1-15 5:37:45 ├F10: PM┤] [info]: ::1 GET /A/save/12 http://localhost:5000
[2021-1-15 5:37:46 ├F10: PM┤] [info]: ::1 GET /A/save/12 http://localhost:5000
[2021-1-15 5:37:47 ├F10: PM┤] [info]: ::1 GET /A/save/12 http://localhost:5000
[2021-1-15 5:37:47 ├F10: PM┤] [info]: ::1 GET /A/save/12 http://localhost:5000
[2021-1-15 5:37:48 ├F10: PM┤] [info]: ::1 GET /A/save/12 http://localhost:5000
[2021-1-15 5:37:48 ├F10: PM┤] [info]: ::1 GET /A/save/12 http://localhost:5000
[2021-1-15 5:38:00 ├F10: PM┤] [info]: ::1 GET /A/save/12 http://localhost:5000
[2021-1-15 5:38:01 ├F10: PM┤] [info]: ::1 GET /A/save/12 http://localhost:5000
[2021-1-15 5:38:01 ├F10: PM┤] [info]: ::1 GET /A/save/12 http://localhost:5000
[2021-1-15 5:38:02 ├F10: PM┤] [info]: ::1 GET /A/save/12 http://localhost:5000
[2021-1-15 5:38:02 ├F10: PM┤] [info]: ::1 GET /A/save/12 http://localhost:5000
[2021-1-15 5:38:04 ├F10: PM┤] [info]: ::1 GET /A/save/12 http://localhost:5000
[2021-1-15 5:38:24 ├F10: PM┤] [info]: ::1 GET /A/save/12 http://localhost:5000
[2021-1-15 5:38:33 ├F10: PM┤] [info]: ::ffff:127.0.0.1 GET /A/save/12 http://localhost:5000
[2021-1-15 5:38:34 ├F10: PM┤] [info]: ::ffff:127.0.0.1 GET /A/save/12 http://localhost:5000
[2021-1-15 5:38:36 ├F10: PM┤] [info]: ::ffff:127.0.0.1 GET /A/save/12 http://localhost:5000
[2021-1-15 5:38:37 ├F10: PM┤] [info]: ::ffff:127.0.0.1 GET /A/save/12 http://localhost:5000
[2021-1-15 5:40:15 ├F10: PM┤] [info]: ::1 GET /A/save/12 http://localhost:5000
[2021-1-15 5:40:16 ├F10: PM┤] [info]: ::1 GET /A/save/12 http://localhost:5000
[2021-1-15 5:40:16 ├F10: PM┤] [info]: ::1 GET /A/save/12 http://localhost:5000
[2021-1-15 5:40:17 ├F10: PM┤] [info]: ::1 GET /A/save/12 http://localhost:5000
[2021-1-15 5:40:17 ├F10: PM┤] [info]: ::1 GET /A/save/12 http://localhost:5000
[2021-1-15 5:40:17 ├F10: PM┤] [info]: ::1 GET /A/save/12 http://localhost:5000
[2021-1-15 5:40:17 ├F10: PM┤] [info]: ::1 GET /A/save/12 http://localhost:5000
[2021-1-15 5:40:17 ├F10: PM┤] [info]: ::1 GET /A/save/12 http://localhost:5000
[2021-1-15 5:40:18 ├F10: PM┤] [info]: ::1 GET /A/save/12 http://localhost:5000
[2021-1-15 5:40:18 ├F10: PM┤] [info]: ::1 GET /A/save/12 http://localhost:5000
[2021-1-15 5:40:18 ├F10: PM┤] [info]: ::1 GET /A/save/12 http://localhost:5000
[2021-1-15 5:40:19 ├F10: PM┤] [info]: ::1 GET /A/save/12 http://localhost:5000
[2021-1-15 5:40:19 ├F10: PM┤] [info]: ::1 GET /A/save/12 http://localhost:5000
[2021-1-15 5:40:19 ├F10: PM┤] [info]: ::1 GET /A/save/12 http://localhost:5000
[2021-1-15 5:40:19 ├F10: PM┤] [info]: ::1 GET /A/save/12 http://localhost:5000
[2021-1-15 5:40:20 ├F10: PM┤] [info]: ::1 GET /A/save/12 http://localhost:5000
[2021-1-15 5:40:20 ├F10: PM┤] [info]: ::1 GET /A/save/12 http://localhost:5000
[2021-1-15 5:40:20 ├F10: PM┤] [info]: ::1 GET /A/save/12 http://localhost:5000
[2021-1-15 5:40:20 ├F10: PM┤] [info]: ::1 GET /A/save/12 http://localhost:5000
[2021-1-15 5:40:21 ├F10: PM┤] [info]: ::1 GET /A/save/12 http://localhost:5000
[2021-1-15 5:40:21 ├F10: PM┤] [info]: ::1 GET /A/save/12 http://localhost:5000
[2021-1-15 5:40:21 ├F10: PM┤] [info]: ::1 GET /A/save/12 http://localhost:5000
[2021-1-15 5:40:21 ├F10: PM┤] [info]: ::1 GET /A/save/12 http://localhost:5000
[2021-1-15 5:40:21 ├F10: PM┤] [info]: ::1 GET /A/save/12 http://localhost:5000
[2021-1-15 5:40:28 ├F10: PM┤] [info]: ::1 GET /A/save/12 http://localhost:5000
[2021-1-15 5:40:29 ├F10: PM┤] [info]: ::1 GET /A/save/12 http://localhost:5000
[2021-1-15 5:40:37 ├F10: PM┤] [info]: ::1 GET /A/save/12 http://localhost:5000
[2021-1-15 5:40:46 ├F10: PM┤] [info]: ::1 GET /A/save/12 http://localhost:5000
[2021-1-15 5:41:18 ├F10: PM┤] [info]: ::1 GET /A/save/12 http://localhost:5000
[2021-1-15 5:41:19 ├F10: PM┤] [info]: ::1 GET /A/save/12 http://localhost:5000
[2021-1-15 5:41:22 ├F10: PM┤] [info]: ::ffff:127.0.0.1 GET /A/save/12 http://localhost:5000
[2021-1-15 5:41:29 ├F10: PM┤] [info]: ::ffff:127.0.0.1 GET /A/save/12 http://localhost:5000
[2021-1-15 5:42:33 ├F10: PM┤] [info]: ::1 GET /A/save/12 http://localhost:5000
[2021-1-15 5:42:39 ├F10: PM┤] [info]: ::1 GET /A/save/12 http://localhost:5000
[2021-1-15 5:42:55 ├F10: PM┤] [info]: ::1 GET /A/save/12 http://localhost:5000
[2021-1-15 5:43:00 ├F10: PM┤] [info]: ::1 GET /A/save/12 http://localhost:5000
[2021-1-15 5:44:38 ├F10: PM┤] [info]: ::1 GET /A/save/12 http://localhost:5000
[2021-1-15 5:45:18 ├F10: PM┤] [info]: ::1 GET /A/save/12 http://localhost:5000
[2021-1-15 5:45:23 ├F10: PM┤] [info]: ::1 GET /A/save/12 http://localhost:5000
[2021-1-25 3:44:47 ├F10: PM┤] [info]: ::1 GET / http://localhost:5001
[2021-1-25 3:44:54 ├F10: PM┤] [info]: ::1 GET /api/A http://localhost:5001
[2021-1-25 3:44:58 ├F10: PM┤] [info]: ::1 GET /api/A http://localhost:5001
[2021-1-25 3:45:38 ├F10: PM┤] [info]: ::1 GET /api/A http://localhost:5001
[2021-1-25 3:45:39 ├F10: PM┤] [info]: ::1 GET /api/A http://localhost:5001
[2021-1-25 3:46:39 ├F10: PM┤] [info]: ::1 GET /api/A http://localhost:5001
[2021-1-25 3:47:23 ├F10: PM┤] [info]: ::1 GET /api/A http://localhost:5001
[2021-1-25 3:49:03 ├F10: PM┤] [info]: ::1 GET /api/A http://localhost:5001
[2021-1-25 3:49:06 ├F10: PM┤] [info]: ::1 GET /A http://localhost:5001
[2021-1-25 3:49:21 ├F10: PM┤] [info]: ::ffff:127.0.0.1 GET /api/A http://localhost:5001
[2021-1-25 3:49:22 ├F10: PM┤] [info]: ::ffff:127.0.0.1 GET /api/A http://localhost:5001
[2021-1-25 3:49:22 ├F10: PM┤] [info]: ::ffff:127.0.0.1 GET /api/A http://localhost:5001
[2021-1-25 3:49:24 ├F10: PM┤] [info]: ::ffff:127.0.0.1 GET /api/A http://localhost:5001
[2021-1-25 3:49:25 ├F10: PM┤] [info]: ::ffff:127.0.0.1 GET /api/A http://localhost:5001
[2021-1-25 3:49:25 ├F10: PM┤] [info]: ::ffff:127.0.0.1 GET /api/A http://localhost:5001
[2021-1-25 3:49:26 ├F10: PM┤] [info]: ::ffff:127.0.0.1 GET /api/A http://localhost:5001
[2021-1-25 3:50:01 ├F10: PM┤] [info]: ::1 GET /api/A http://localhost:5001
[2021-1-25 3:50:04 ├F10: PM┤] [info]: ::1 GET /A http://localhost:5001
[2021-1-25 3:50:04 ├F10: PM┤] [info]: ::1 GET /A http://localhost:5001
[2021-1-25 3:50:05 ├F10: PM┤] [info]: ::1 GET /A http://localhost:5001
[2021-1-25 3:50:37 ├F10: PM┤] [info]: ::1 GET /api/A http://localhost:5001
[2021-1-25 3:50:38 ├F10: PM┤] [info]: ::1 GET /api/A http://localhost:5001
[2021-1-25 3:59:18 ├F10: PM┤] [info]: ::1 GET /api/A http://localhost:5001
[2021-1-25 3:59:27 ├F10: PM┤] [info]: ::1 GET /api/A http://localhost:5001
[2021-1-25 5:47:58 ├F10: PM┤] [info]: ::1 GET /api/A http://localhost:5001
[2021-1-25 5:47:59 ├F10: PM┤] [info]: ::1 GET /api/A http://localhost:5001
[2021-1-25 5:48:01 ├F10: PM┤] [info]: ::1 GET /api/A http://localhost:5001
[2021-1-25 5:56:38 ├F10: PM┤] [info]: ::1 GET /api/A http://localhost:5001
[2021-1-25 8:35:31 ├F10: PM┤] [info]: ::1 GET /api/A http://localhost:5001
[2021-1-25 8:35:32 ├F10: PM┤] [info]: ::1 GET /api/A http://localhost:5001
[2021-1-25 8:35:36 ├F10: PM┤] [info]: ::1 GET /api/A http://localhost:5001
[2021-1-25 8:39:17 ├F10: PM┤] [info]: ::1 GET /api/A http://localhost:5001
[2021-1-25 8:39:31 ├F10: PM┤] [info]: ::1 GET /api/A/save/12 http://localhost:5001
[2021-1-25 8:39:35 ├F10: PM┤] [info]: ::1 GET /api/A/save/1sdf http://localhost:5001
[2021-1-25 8:40:05 ├F10: PM┤] [info]: ::1 GET /api/A/save/ http://localhost:5001
[2021-1-25 8:40:08 ├F10: PM┤] [info]: ::1 GET /api/A/ http://localhost:5001
[2021-1-25 8:51:22 ├F10: PM┤] [info]: ::1 GET /api/A/ http://localhost:5001
[2021-1-25 10:45:12 ├F10: PM┤] [info]: ::1 GET /api/A/ http://localhost:5001
[2021-1-25 10:45:25 ├F10: PM┤] [info]: ::1 GET /api/A/ http://localhost:5001
[2021-1-25 10:48:44 ├F10: PM┤] [info]: ::1 GET /api/A/ http://localhost:5001
[2021-1-25 10:48:57 ├F10: PM┤] [info]: ::1 GET /api/A/ http://localhost:5001
[2021-1-25 10:49:24 ├F10: PM┤] [info]: ::1 GET /api/A/ http://localhost:5001
[2021-1-26 9:58:45 ├F10: AM┤] [info]: ::1 GET /api/A http://localhost:5001
[2021-1-26 9:59:14 ├F10: AM┤] [info]: ::ffff:127.0.0.1 GET /api/A http://localhost:5001
[2021-1-26 10:00:01 ├F10: AM┤] [info]: ::1 GET /api/A http://localhost:5001
[2021-1-26 10:01:42 ├F10: AM┤] [info]: ::ffff:127.0.0.1 GET /api/A http://localhost:5001
[2021-1-26 10:01:59 ├F10: AM┤] [info]: ::ffff:127.0.0.1 GET /api/A http://localhost:5001
[2021-1-26 10:07:04 ├F10: AM┤] [info]: ::1 GET /api/A http://localhost:5001
[2021-1-26 10:07:45 ├F10: AM┤] [info]: ::1 GET /api/A http://localhost:5001
[2021-1-26 10:08:22 ├F10: AM┤] [info]: ::1 GET /api/A http://localhost:5001
[2021-1-26 10:08:55 ├F10: AM┤] [info]: ::ffff:127.0.0.1 GET /api/A http://localhost:5001
[2021-1-26 10:08:58 ├F10: AM┤] [info]: ::ffff:127.0.0.1 GET /api/A http://localhost:5001
[2021-1-26 10:13:05 ├F10: AM┤] [info]: ::1 GET /api/A http://localhost:5001
[2021-1-26 10:13:34 ├F10: AM┤] [info]: ::1 GET /api/A http://localhost:5001
[2021-1-26 10:17:15 ├F10: AM┤] [info]: ::ffff:127.0.0.1 GET /api/A http://localhost:5001
[2021-1-26 10:33:30 ├F10: AM┤] [info]: ::1 GET /api/A http://localhost:5001
[2021-1-26 10:33:31 ├F10: AM┤] [info]: ::1 GET /api/A http://localhost:5001
[2021-1-26 10:34:07 ├F10: AM┤] [info]: ::1 GET /api/A http://localhost:5001
[2021-1-26 10:36:57 ├F10: AM┤] [info]: ::1 GET /api/A http://localhost:5001
[2021-1-26 10:42:26 ├F10: AM┤] [info]: ::1 GET /api/A http://localhost:5001
[2021-1-26 10:42:27 ├F10: AM┤] [info]: ::1 GET /api/A http://localhost:5001
[2021-1-26 10:42:28 ├F10: AM┤] [info]: ::1 GET /api/A http://localhost:5001
[2021-1-26 10:43:02 ├F10: AM┤] [info]: ::1 GET /api/A http://localhost:5001
[2021-1-26 10:43:02 ├F10: AM┤] [info]: ::1 GET /api/A http://localhost:5001
[2021-1-26 10:43:02 ├F10: AM┤] [info]: ::1 GET /api/A http://localhost:5001
[2021-1-26 10:43:03 ├F10: AM┤] [info]: ::1 GET /api/A http://localhost:5001
[2021-1-26 10:44:14 ├F10: AM┤] [info]: ::1 GET /api/A http://localhost:5001
[2021-1-26 10:44:15 ├F10: AM┤] [info]: ::1 GET /api/A http://localhost:5001
[2021-1-26 10:44:15 ├F10: AM┤] [info]: ::1 GET /api/A http://localhost:5001
[2021-1-26 10:44:16 ├F10: AM┤] [info]: ::1 GET /api/A http://localhost:5001
[2021-1-26 10:44:40 ├F10: AM┤] [info]: ::1 GET /api/A http://localhost:5001
[2021-1-26 10:44:41 ├F10: AM┤] [info]: ::1 GET /api/A http://localhost:5001
[2021-1-26 10:44:42 ├F10: AM┤] [info]: ::1 GET /api/A http://localhost:5001
[2021-1-26 10:52:57 ├F10: AM┤] [info]: ::1 GET /api/A http://localhost:5001
[2021-1-26 10:53:30 ├F10: AM┤] [info]: ::1 GET /api/A http://localhost:5001
[2021-1-26 10:54:11 ├F10: AM┤] [info]: ::1 GET /api/A http://localhost:5001
[2021-1-26 10:54:54 ├F10: AM┤] [info]: ::1 GET /api/A http://localhost:5001
[2021-1-26 10:54:58 ├F10: AM┤] [info]: ::1 GET /api/A http://localhost:5001
[2021-1-26 10:56:47 ├F10: AM┤] [info]: ::1 GET /api/A http://localhost:5001
[2021-1-26 2:49:59 ├F10: PM┤] [info]: ::1 GET /api/A http://localhost:5001
[2021-1-26 2:50:06 ├F10: PM┤] [info]: ::1 GET /api/A http://localhost:5001
[2021-1-26 2:50:21 ├F10: PM┤] [info]: ::1 GET /api/A http://localhost:5001
[2021-1-26 2:50:22 ├F10: PM┤] [info]: ::1 GET /api/A http://localhost:5001
[2021-1-26 2:50:55 ├F10: PM┤] [info]: ::1 GET /api/A http://localhost:5001
[2021-1-26 2:51:19 ├F10: PM┤] [info]: ::1 GET /api/A http://localhost:5001
[2021-1-26 2:52:09 ├F10: PM┤] [info]: ::1 GET /api/A http://localhost:5001
[2021-1-26 2:52:10 ├F10: PM┤] [info]: ::1 GET /api/A http://localhost:5001
[2021-1-26 2:52:22 ├F10: PM┤] [info]: ::1 GET /api/A http://localhost:5001
[2021-1-26 2:52:23 ├F10: PM┤] [info]: ::1 GET /api/A http://localhost:5001
[2021-1-26 2:52:35 ├F10: PM┤] [info]: ::1 GET /api/A http://localhost:5001
[2021-1-26 2:52:37 ├F10: PM┤] [info]: ::1 GET /api/A http://localhost:5001
[2021-1-26 2:53:42 ├F10: PM┤] [info]: ::1 GET /api/A http://localhost:5001
[2021-1-26 2:53:59 ├F10: PM┤] [info]: ::1 GET /api/A http://localhost:5001
[2021-1-26 2:54:08 ├F10: PM┤] [info]: ::1 GET /api/A http://localhost:5001
[2021-1-26 3:00:49 ├F10: PM┤] [info]: ::1 GET /api/A http://localhost:5001
[2021-1-26 3:01:15 ├F10: PM┤] [info]: ::1 GET /api/A http://localhost:5001
[2021-1-26 3:05:38 ├F10: PM┤] [info]: ::1 GET /api/A http://localhost:5001
[2021-1-26 3:05:53 ├F10: PM┤] [info]: ::1 GET /api/A http://localhost:5001
[2021-1-26 3:08:06 ├F10: PM┤] [info]: ::ffff:127.0.0.1 GET /api/A http://localhost:5001
[2021-1-26 3:08:25 ├F10: PM┤] [info]: ::1 GET /api/A http://localhost:5001
[2021-1-26 3:08:28 ├F10: PM┤] [info]: ::1 GET /api/A http://localhost:5001
[2021-1-26 3:31:00 ├F10: PM┤] [info]: ::1 GET /api/A http://localhost:5001
[2021-1-26 3:31:10 ├F10: PM┤] [info]: ::1 GET /api/A http://localhost:5001
[2021-1-26 3:31:41 ├F10: PM┤] [info]: ::1 GET /api/A http://localhost:5001
[2021-1-26 3:31:54 ├F10: PM┤] [info]: ::1 GET /api/A http://localhost:5001
[2021-1-26 3:41:26 ├F10: PM┤] [info]: ::1 GET /api/A http://localhost:5001
